[Mon Aug 17 06:19:47.224148 2020] [so:warn] [pid 6190:tid 140462362107208] AH01574: module slotmem_shm_module is already loaded, skipping
[Mon Aug 17 06:19:47.224624 2020] [so:warn] [pid 6190:tid 140462362107208] AH01574: module socache_shmcb_module is already loaded, skipping
[Mon Aug 17 06:19:47.228382 2020] [lbmethod_heartbeat:notice] [pid 6190:tid 140462362107208] AH02282: No slotmem from mod_heartmonitor
[Mon Aug 17 06:19:47.230138 2020] [mpm_event:notice] [pid 6190:tid 140462362107208] AH00489: Apache/2.4.43 (Unix) OpenSSL/1.1.1g configured -- resuming normal operations
[Mon Aug 17 06:19:47.230176 2020] [core:notice] [pid 6190:tid 140462362107208] AH00094: Command line: '/usr/sbin/httpd -D FOREGROUND'
[Thu Aug 27 13:34:09.003595 2020] [so:warn] [pid 22:tid 140104590196040] AH01574: module slotmem_shm_module is already loaded, skipping
[Thu Aug 27 13:34:09.004084 2020] [so:warn] [pid 22:tid 140104590196040] AH01574: module socache_shmcb_module is already loaded, skipping
[Thu Aug 27 13:34:09.005316 2020] [lbmethod_heartbeat:notice] [pid 22:tid 140104590196040] AH02282: No slotmem from mod_heartmonitor
[Thu Aug 27 13:34:09.006719 2020] [mpm_event:notice] [pid 22:tid 140104590196040] AH00489: Apache/2.4.43 (Unix) OpenSSL/1.1.1g configured -- resuming normal operations
[Thu Aug 27 13:34:09.006748 2020] [core:notice] [pid 22:tid 140104590196040] AH00094: Command line: '/usr/sbin/httpd -D FOREGROUND'
[Fri Aug 28 05:26:33.082743 2020] [so:warn] [pid 22:tid 139723900042568] AH01574: module slotmem_shm_module is already loaded, skipping
[Fri Aug 28 05:26:33.083316 2020] [so:warn] [pid 22:tid 139723900042568] AH01574: module socache_shmcb_module is already loaded, skipping
[Fri Aug 28 05:26:33.085286 2020] [lbmethod_heartbeat:notice] [pid 22:tid 139723900042568] AH02282: No slotmem from mod_heartmonitor
[Fri Aug 28 05:26:33.085773 2020] [core:warn] [pid 22:tid 139723900042568] AH00098: pid file /run/apache2/httpd.pid overwritten -- Unclean shutdown of previous Apache run?
[Fri Aug 28 05:26:33.087007 2020] [mpm_event:notice] [pid 22:tid 139723900042568] AH00489: Apache/2.4.43 (Unix) OpenSSL/1.1.1g configured -- resuming normal operations
[Fri Aug 28 05:26:33.087034 2020] [core:notice] [pid 22:tid 139723900042568] AH00094: Command line: '/usr/sbin/httpd -D FOREGROUND'
[Mon Aug 31 05:28:09.188791 2020] [so:warn] [pid 22:tid 139654272609608] AH01574: module slotmem_shm_module is already loaded, skipping
[Mon Aug 31 05:28:09.189200 2020] [so:warn] [pid 22:tid 139654272609608] AH01574: module socache_shmcb_module is already loaded, skipping
[Mon Aug 31 05:28:09.190639 2020] [lbmethod_heartbeat:notice] [pid 22:tid 139654272609608] AH02282: No slotmem from mod_heartmonitor
[Mon Aug 31 05:28:09.191113 2020] [core:warn] [pid 22:tid 139654272609608] AH00098: pid file /run/apache2/httpd.pid overwritten -- Unclean shutdown of previous Apache run?
[Mon Aug 31 05:28:09.191896 2020] [mpm_event:notice] [pid 22:tid 139654272609608] AH00489: Apache/2.4.43 (Unix) OpenSSL/1.1.1g configured -- resuming normal operations
[Mon Aug 31 05:28:09.191916 2020] [core:notice] [pid 22:tid 139654272609608] AH00094: Command line: '/usr/sbin/httpd -D FOREGROUND'
[Mon Aug 31 10:06:23.994133 2020] [so:warn] [pid 22:tid 140300398587208] AH01574: module slotmem_shm_module is already loaded, skipping
[Mon Aug 31 10:06:23.995189 2020] [so:warn] [pid 22:tid 140300398587208] AH01574: module socache_shmcb_module is already loaded, skipping
[Mon Aug 31 10:06:23.999336 2020] [lbmethod_heartbeat:notice] [pid 22:tid 140300398587208] AH02282: No slotmem from mod_heartmonitor
[Mon Aug 31 10:06:24.002682 2020] [mpm_event:notice] [pid 22:tid 140300398587208] AH00489: Apache/2.4.43 (Unix) OpenSSL/1.1.1g configured -- resuming normal operations
[Mon Aug 31 10:06:24.002737 2020] [core:notice] [pid 22:tid 140300398587208] AH00094: Command line: '/usr/sbin/httpd -D FOREGROUND'
[Tue Sep 01 05:25:40.383223 2020] [so:warn] [pid 22:tid 139707764505928] AH01574: module slotmem_shm_module is already loaded, skipping
[Tue Sep 01 05:25:40.414521 2020] [so:warn] [pid 22:tid 139707764505928] AH01574: module socache_shmcb_module is already loaded, skipping
[Tue Sep 01 05:25:40.446566 2020] [lbmethod_heartbeat:notice] [pid 22:tid 139707764505928] AH02282: No slotmem from mod_heartmonitor
[Tue Sep 01 05:25:40.447077 2020] [core:warn] [pid 22:tid 139707764505928] AH00098: pid file /run/apache2/httpd.pid overwritten -- Unclean shutdown of previous Apache run?
[Tue Sep 01 05:25:40.479406 2020] [mpm_event:notice] [pid 22:tid 139707764505928] AH00489: Apache/2.4.43 (Unix) OpenSSL/1.1.1g configured -- resuming normal operations
[Tue Sep 01 05:25:40.479435 2020] [core:notice] [pid 22:tid 139707764505928] AH00094: Command line: '/usr/sbin/httpd -D FOREGROUND'
[Tue Sep 01 06:41:18.055794 2020] [so:warn] [pid 22:tid 139690993401160] AH01574: module slotmem_shm_module is already loaded, skipping
[Tue Sep 01 06:41:18.056383 2020] [so:warn] [pid 22:tid 139690993401160] AH01574: module socache_shmcb_module is already loaded, skipping
[Tue Sep 01 06:41:18.058622 2020] [lbmethod_heartbeat:notice] [pid 22:tid 139690993401160] AH02282: No slotmem from mod_heartmonitor
[Tue Sep 01 06:41:18.059238 2020] [core:warn] [pid 22:tid 139690993401160] AH00098: pid file /run/apache2/httpd.pid overwritten -- Unclean shutdown of previous Apache run?
[Tue Sep 01 06:41:18.060369 2020] [mpm_event:notice] [pid 22:tid 139690993401160] AH00489: Apache/2.4.43 (Unix) OpenSSL/1.1.1g configured -- resuming normal operations
[Tue Sep 01 06:41:18.060404 2020] [core:notice] [pid 22:tid 139690993401160] AH00094: Command line: '/usr/sbin/httpd -D FOREGROUND'
[Tue Sep 01 07:47:38.063559 2020] [so:warn] [pid 22:tid 139793101851976] AH01574: module slotmem_shm_module is already loaded, skipping
[Tue Sep 01 07:47:38.064103 2020] [so:warn] [pid 22:tid 139793101851976] AH01574: module socache_shmcb_module is already loaded, skipping
[Tue Sep 01 07:47:38.066165 2020] [lbmethod_heartbeat:notice] [pid 22:tid 139793101851976] AH02282: No slotmem from mod_heartmonitor
[Tue Sep 01 07:47:38.066886 2020] [core:warn] [pid 22:tid 139793101851976] AH00098: pid file /run/apache2/httpd.pid overwritten -- Unclean shutdown of previous Apache run?
[Tue Sep 01 07:47:38.067826 2020] [mpm_event:notice] [pid 22:tid 139793101851976] AH00489: Apache/2.4.43 (Unix) OpenSSL/1.1.1g configured -- resuming normal operations
[Tue Sep 01 07:47:38.067851 2020] [core:notice] [pid 22:tid 139793101851976] AH00094: Command line: '/usr/sbin/httpd -D FOREGROUND'
[Wed Sep 02 05:31:10.316812 2020] [so:warn] [pid 22:tid 139687220890952] AH01574: module slotmem_shm_module is already loaded, skipping
[Wed Sep 02 05:31:10.317232 2020] [so:warn] [pid 22:tid 139687220890952] AH01574: module socache_shmcb_module is already loaded, skipping
[Wed Sep 02 05:31:10.319199 2020] [lbmethod_heartbeat:notice] [pid 22:tid 139687220890952] AH02282: No slotmem from mod_heartmonitor
[Wed Sep 02 05:31:10.319828 2020] [core:warn] [pid 22:tid 139687220890952] AH00098: pid file /run/apache2/httpd.pid overwritten -- Unclean shutdown of previous Apache run?
[Wed Sep 02 05:31:10.320678 2020] [mpm_event:notice] [pid 22:tid 139687220890952] AH00489: Apache/2.4.43 (Unix) OpenSSL/1.1.1g configured -- resuming normal operations
[Wed Sep 02 05:31:10.320699 2020] [core:notice] [pid 22:tid 139687220890952] AH00094: Command line: '/usr/sbin/httpd -D FOREGROUND'
[Wed Sep 02 09:39:48.664277 2020] [so:warn] [pid 22:tid 140302196505928] AH01574: module slotmem_shm_module is already loaded, skipping
[Wed Sep 02 09:39:48.664726 2020] [so:warn] [pid 22:tid 140302196505928] AH01574: module socache_shmcb_module is already loaded, skipping
[Wed Sep 02 09:39:48.665945 2020] [lbmethod_heartbeat:notice] [pid 22:tid 140302196505928] AH02282: No slotmem from mod_heartmonitor
[Wed Sep 02 09:39:48.667384 2020] [mpm_event:notice] [pid 22:tid 140302196505928] AH00489: Apache/2.4.43 (Unix) OpenSSL/1.1.1g configured -- resuming normal operations
[Wed Sep 02 09:39:48.667407 2020] [core:notice] [pid 22:tid 140302196505928] AH00094: Command line: '/usr/sbin/httpd -D FOREGROUND'
[Thu Sep 03 10:46:51.737009 2020] [so:warn] [pid 22:tid 140051254799688] AH01574: module slotmem_shm_module is already loaded, skipping
[Thu Sep 03 10:46:51.768844 2020] [so:warn] [pid 22:tid 140051254799688] AH01574: module socache_shmcb_module is already loaded, skipping
[Thu Sep 03 10:46:51.771346 2020] [lbmethod_heartbeat:notice] [pid 22:tid 140051254799688] AH02282: No slotmem from mod_heartmonitor
[Thu Sep 03 10:46:51.773645 2020] [mpm_event:notice] [pid 22:tid 140051254799688] AH00489: Apache/2.4.43 (Unix) OpenSSL/1.1.1g configured -- resuming normal operations
[Thu Sep 03 10:46:51.773676 2020] [core:notice] [pid 22:tid 140051254799688] AH00094: Command line: '/usr/sbin/httpd -D FOREGROUND'
[Thu Sep 03 12:37:27.653523 2020] [so:warn] [pid 22:tid 140611009539400] AH01574: module slotmem_shm_module is already loaded, skipping
[Thu Sep 03 12:37:27.653983 2020] [so:warn] [pid 22:tid 140611009539400] AH01574: module socache_shmcb_module is already loaded, skipping
[Thu Sep 03 12:37:27.655310 2020] [lbmethod_heartbeat:notice] [pid 22:tid 140611009539400] AH02282: No slotmem from mod_heartmonitor
[Thu Sep 03 12:37:27.656589 2020] [mpm_event:notice] [pid 22:tid 140611009539400] AH00489: Apache/2.4.43 (Unix) OpenSSL/1.1.1g configured -- resuming normal operations
[Thu Sep 03 12:37:27.656639 2020] [core:notice] [pid 22:tid 140611009539400] AH00094: Command line: '/usr/sbin/httpd -D FOREGROUND'
[Fri Sep 04 05:42:53.312160 2020] [so:warn] [pid 22:tid 140443847998792] AH01574: module slotmem_shm_module is already loaded, skipping
[Fri Sep 04 05:42:53.312659 2020] [so:warn] [pid 22:tid 140443847998792] AH01574: module socache_shmcb_module is already loaded, skipping
[Fri Sep 04 05:42:53.314595 2020] [lbmethod_heartbeat:notice] [pid 22:tid 140443847998792] AH02282: No slotmem from mod_heartmonitor
[Fri Sep 04 05:42:53.315267 2020] [core:warn] [pid 22:tid 140443847998792] AH00098: pid file /run/apache2/httpd.pid overwritten -- Unclean shutdown of previous Apache run?
[Fri Sep 04 05:42:53.316174 2020] [mpm_event:notice] [pid 22:tid 140443847998792] AH00489: Apache/2.4.43 (Unix) OpenSSL/1.1.1g configured -- resuming normal operations
[Fri Sep 04 05:42:53.316207 2020] [core:notice] [pid 22:tid 140443847998792] AH00094: Command line: '/usr/sbin/httpd -D FOREGROUND'
